<?xml version="1.0" encoding="UTF-8"?>
<testng-results skipped="0" failed="0" total="1" passed="1">
  <reporter-output>
  </reporter-output>
  <suite name="Suite" duration-ms="57" started-at="2018-06-20T08:18:40Z" finished-at="2018-06-20T08:18:40Z">
    <groups>
    </groups>
    <test name="Test" duration-ms="57" started-at="2018-06-20T08:18:40Z" finished-at="2018-06-20T08:18:40Z">
      <class name="com.bankguru.login.Login_01_CreateUserAndLogin">
        <test-method status="PASS" signature="beforeClass()[pri:0, instance:com.bankguru.login.Login_01_CreateUserAndLogin@1bc6a36e]" name="beforeClass" is-config="true" duration-ms="23" started-at="2018-06-20T15:18:40Z" finished-at="2018-06-20T15:18:40Z">
          <reporter-output>
          </reporter-output>
        </test-method> <!-- beforeClass -->
        <test-method status="PASS" signature="f()[pri:0, instance:com.bankguru.login.Login_01_CreateUserAndLogin@1bc6a36e]" name="f" duration-ms="11" started-at="2018-06-20T15:18:40Z" finished-at="2018-06-20T15:18:40Z">
          <reporter-output>
          </reporter-output>
        </test-method> <!-- f -->
        <test-method status="PASS" signature="afterClass()[pri:0, instance:com.bankguru.login.Login_01_CreateUserAndLogin@1bc6a36e]" name="afterClass" is-config="true" duration-ms="1" started-at="2018-06-20T15:18:40Z" finished-at="2018-06-20T15:18:40Z">
          <reporter-output>
          </reporter-output>
        </test-method> <!-- afterClass -->
      </class> <!-- com.bankguru.login.Login_01_CreateUserAndLogin -->
    </test> <!-- Test -->
  </suite> <!-- Suite -->
</testng-results>
